-------------------------------------------------------------------------------
Test set: cucumberStepDefs.RunCucumberTest
-------------------------------------------------------------------------------
Tests run: 2, Failures: 1, Errors: 0, Skipped: 0, Time elapsed: 0.278 s <<< FAILURE! - in cucumberStepDefs.RunCucumberTest
save csv file.Saving a file in the correct subfolder  Time elapsed: 0.101 s  <<< FAILURE!
org.opentest4j.AssertionFailedError: expected: <true> but was: <false>
	at cucumberStepDefs.csvSteps.aFileWithTheCorrectFilenameIsCreatedInASubfolderMatchingParameterName(csvSteps.java:46)
	at âœ½.a file with the correct filename is created in a subfolder matching parameter name(classpath:featureFiles/csv.feature:6)

