<?xml version="1.0" encoding="UTF-8"?>
<testsuite xmlns:xsi="http://www.w3.org/2001/XMLSchema-instance" xsi:noNamespaceSchemaLocation="https://maven.apache.org/surefire/maven-surefire-plugin/xsd/surefire-test-report-3.0.xsd" version="3.0" name="cucumberStepDefs.RunCucumberTest" time="0.278" tests="2" errors="0" skipped="0" failures="1">
  <properties>
[...]
</properties>
  <testcase name="Saving a file in the correct subfolder" classname="save csv file" time="0.101">
    <failure message="expected: &lt;true&gt; but was: &lt;false&gt;" type="org.opentest4j.AssertionFailedError"><![CDATA[org.opentest4j.AssertionFailedError: expected: <true> but was: <false>
	at cucumberStepDefs.csvSteps.aFileWithTheCorrectFilenameIsCreatedInASubfolderMatchingParameterName(csvSteps.java:46)
	at ✽.a file with the correct filename is created in a subfolder matching parameter name(classpath:featureFiles/csv.feature:6)
]]></failure>
    <system-out><![CDATA[
Scenario: Saving a file in the correct subfolder                                          &amp#27;[90m# featureFiles/csv.feature:3&amp#27;[0m
  &amp#27;[32mGiven &amp#27;[0m&amp#27;[32man empty testCasesTest directory&amp#27;[0m                                                  &amp#27;[90m# cucumberStepDefs.csvSteps.theCsvMethodIsCalled()&amp#27;[0m
  &amp#27;[32mWhen &amp#27;[0m&amp#27;[32mthe csv method is called&amp#27;[0m                                                           &amp#27;[90m# cucumberStepDefs.csvSteps.aCsvFileAndASubfolderDoesNotExist()&amp#27;[0m
  &amp#27;[31mThen &amp#27;[0m&amp#27;[31ma file with the correct filename is created in a subfolder matching parameter name&amp#27;[0m &amp#27;[90m# cucumberStepDefs.csvSteps.aFileWithTheCorrectFilenameIsCreatedInASubfolderMatchingParameterName()&amp#27;[0m
      &amp#27;[31morg.opentest4j.AssertionFailedError: expected: <true> but was: <false>
	at org.junit.jupiter.api.AssertionFailureBuilder.build(AssertionFailureBuilder.java:151)
	at org.junit.jupiter.api.AssertionFailureBuilder.buildAndThrow(AssertionFailureBuilder.java:132)
	at org.junit.jupiter.api.AssertTrue.failNotTrue(AssertTrue.java:63)
	at org.junit.jupiter.api.AssertTrue.assertTrue(AssertTrue.java:36)
	at org.junit.jupiter.api.AssertTrue.assertTrue(AssertTrue.java:31)
	at org.junit.jupiter.api.Assertions.assertTrue(Assertions.java:179)
	at cucumberStepDefs.csvSteps.aFileWithTheCorrectFilenameIsCreatedInASubfolderMatchingParameterName(csvSteps.java:46)
	at ✽.a file with the correct filename is created in a subfolder matching parameter name(classpath:featureFiles/csv.feature:6)
&amp#27;[0m
]]></system-out>
  </testcase>
  <testcase name="The example" classname="An example" time="0.006">
    <system-out><![CDATA[
Scenario: The example                       &amp#27;[90m# featureFiles/example.feature:3&amp#27;[0m
  &amp#27;[32mGiven &amp#27;[0m&amp#27;[32man example scenario&amp#27;[0m                 &amp#27;[90m# cucumberStepDefs.StepDefinitionsTest.anExampleScenario()&amp#27;[0m
  &amp#27;[32mWhen &amp#27;[0m&amp#27;[32mall step definitions are implemented&amp#27;[0m &amp#27;[90m# cucumberStepDefs.StepDefinitionsTest.allStepDefinitionsAreImplemented()&amp#27;[0m
  &amp#27;[32mThen &amp#27;[0m&amp#27;[32mthe scenario passes&amp#27;[0m                  &amp#27;[90m# cucumberStepDefs.StepDefinitionsTest.theScenarioPasses()&amp#27;[0m
]]></system-out>
  </testcase>
</testsuite>